<?xml version="1.0" encoding="UTF-8"?>
<testng-results ignored="0" total="4" passed="4" failed="0" skipped="0">
  <reporter-output>
  </reporter-output>
  <suite started-at="2023-10-02T16:29:08 CDT" name="Default suite" finished-at="2023-10-02T16:29:37 CDT" duration-ms="28491">
    <groups>
      <group name="cucumber">
        <method signature="AbstractTestNGCucumberTests.runScenario(io.cucumber.testng.PickleWrapper,io.cucumber.testng.FeatureWrapper)[pri:0, instance:Runner.TestRunner@3e27ba32]" name="runScenario" class="io.cucumber.testng.AbstractTestNGCucumberTests"/>
      </group> <!-- cucumber -->
    </groups>
    <test started-at="2023-10-02T16:29:08 CDT" name="Default test" finished-at="2023-10-02T16:29:37 CDT" duration-ms="28491">
      <class name="Runner.TestRunner">
        <test-method is-config="true" signature="setUpClass(org.testng.ITestContext)[pri:0, instance:Runner.TestRunner@3e27ba32]" started-at="2023-10-02T16:29:08 CDT" name="setUpClass" finished-at="2023-10-02T16:29:09 CDT" duration-ms="946" status="PASS">
          <params>
            <param index="0">
              <value>
                <![CDATA[org.testng.TestRunner@6fa02932]]>
              </value>
            </param>
          </params>
          <reporter-output>
          </reporter-output>
        </test-method> <!-- setUpClass -->
        <test-method signature="runScenario(io.cucumber.testng.PickleWrapper,io.cucumber.testng.FeatureWrapper)[pri:0, instance:Runner.TestRunner@3e27ba32]" started-at="2023-10-02T16:29:09 CDT" name="runScenario" description="Runs Cucumber Scenarios" data-provider="scenarios" finished-at="2023-10-02T16:29:18 CDT" duration-ms="8460" status="PASS">
          <params>
            <param index="0">
              <value>
                <![CDATA["TC001 - Verify the login with valid credentials"]]>
              </value>
            </param>
            <param index="1">
              <value>
                <![CDATA["LT-65123 Leaftaps Login story"]]>
              </value>
            </param>
          </params>
          <reporter-output>
          </reporter-output>
        </test-method> <!-- runScenario -->
        <test-method signature="runScenario(io.cucumber.testng.PickleWrapper,io.cucumber.testng.FeatureWrapper)[pri:0, instance:Runner.TestRunner@3e27ba32]" started-at="2023-10-02T16:29:18 CDT" name="runScenario" description="Runs Cucumber Scenarios" data-provider="scenarios" finished-at="2023-10-02T16:29:23 CDT" duration-ms="5313" status="PASS">
          <params>
            <param index="0">
              <value>
                <![CDATA["TC001 - Verify the login with valid credentials"]]>
              </value>
            </param>
            <param index="1">
              <value>
                <![CDATA["LT-65123 Leaftaps Login story"]]>
              </value>
            </param>
          </params>
          <reporter-output>
          </reporter-output>
        </test-method> <!-- runScenario -->
        <test-method signature="runScenario(io.cucumber.testng.PickleWrapper,io.cucumber.testng.FeatureWrapper)[pri:0, instance:Runner.TestRunner@3e27ba32]" started-at="2023-10-02T16:29:23 CDT" name="runScenario" description="Runs Cucumber Scenarios" data-provider="scenarios" finished-at="2023-10-02T16:29:28 CDT" duration-ms="5251" status="PASS">
          <params>
            <param index="0">
              <value>
                <![CDATA["TC002 - Verify the login with invalid credentials"]]>
              </value>
            </param>
            <param index="1">
              <value>
                <![CDATA["LT-65123 Leaftaps Login story"]]>
              </value>
            </param>
          </params>
          <reporter-output>
          </reporter-output>
        </test-method> <!-- runScenario -->
        <test-method signature="runScenario(io.cucumber.testng.PickleWrapper,io.cucumber.testng.FeatureWrapper)[pri:0, instance:Runner.TestRunner@3e27ba32]" started-at="2023-10-02T16:29:28 CDT" name="runScenario" description="Runs Cucumber Scenarios" data-provider="scenarios" finished-at="2023-10-02T16:29:34 CDT" duration-ms="5440" status="PASS">
          <params>
            <param index="0">
              <value>
                <![CDATA["TC003 - Verify the login with invalid credentials"]]>
              </value>
            </param>
            <param index="1">
              <value>
                <![CDATA["LT-65123 Leaftaps Login story"]]>
              </value>
            </param>
          </params>
          <reporter-output>
          </reporter-output>
        </test-method> <!-- runScenario -->
        <test-method is-config="true" signature="tearDownClass()[pri:0, instance:Runner.TestRunner@3e27ba32]" started-at="2023-10-02T16:29:34 CDT" name="tearDownClass" finished-at="2023-10-02T16:29:37 CDT" duration-ms="3018" status="PASS">
          <reporter-output>
          </reporter-output>
        </test-method> <!-- tearDownClass -->
      </class> <!-- Runner.TestRunner -->
    </test> <!-- Default test -->
  </suite> <!-- Default suite -->
</testng-results>
